0 info it worked if it ends with ok
1 verbose cli [ 'node',
1 verbose cli   '/usr/local/bin/npm',
1 verbose cli   'install',
1 verbose cli   '--save-dev',
1 verbose cli   'browser-sync' ]
2 info using npm@2.11.2
3 info using node@v0.12.5
4 verbose node symlink /usr/local/bin/node
5 verbose install initial load of /Users/xiongzhihui/Documents/github/TangoDjangoProject/package.json
6 verbose readDependencies loading dependencies from /Users/xiongzhihui/Documents/github/TangoDjangoProject/package.json
7 silly cache add args [ 'browser-sync', null ]
8 verbose cache add spec browser-sync
9 silly cache add parsed spec { raw: 'browser-sync',
9 silly cache add   scope: null,
9 silly cache add   name: 'browser-sync',
9 silly cache add   rawSpec: '',
9 silly cache add   spec: '*',
9 silly cache add   type: 'range' }
10 silly addNamed browser-sync@*
11 verbose addNamed "*" is a valid semver range for browser-sync
12 silly addNameRange { name: 'browser-sync', range: '*', hasData: false }
13 silly mapToRegistry name browser-sync
14 silly mapToRegistry using default registry
15 silly mapToRegistry registry https://registry.npmjs.org/
16 silly mapToRegistry uri https://registry.npmjs.org/browser-sync
17 verbose addNameRange registry:https://registry.npmjs.org/browser-sync not in flight; fetching
18 verbose request uri https://registry.npmjs.org/browser-sync
19 verbose request no auth needed
20 info attempt registry request try #1 at 09:57:17
21 verbose request id 16a2253adfa355e7
22 verbose etag "AMZ2VF5ZL88DIMLJEIO6JVMOL"
23 http request GET https://registry.npmjs.org/browser-sync
24 http 200 https://registry.npmjs.org/browser-sync
25 verbose bad json {"_id":"browser-sync","_rev":"524-ffb3416c77f7b02e28db85e525518009","name":"browser-sync","description":"Live CSS Reload & Browser Syncing","dist-tags":{"latest":"2.10.1"},"versions":{"0.1.0":{"name":"browser-sync","description":"Live CSS Reload & Browser Syncing","version":"0.1.0","homepage":"https://github.com/shakyshane/browser-sync","author":{"name":"Shane Osbourne"},"repository":{"type":"git","url":"git://github.com/shakyshane/browser-sync.git"},"bugs":{"url":"https://github.com/shakyshane/browser-sync/issues"},"licenses":[{"type":"MIT","url":"https://github.com/shakyshane/browser-sync/blob/master/LICENSE-MIT"}],"main":"lib/index.js","engines":{"node":">= 0.8.0"},"scripts":{"test":"grunt jasmine_node"},"dependencies":{"portscanner":"~0.1.3","path":"*","url":"*","open":"*","chokidar":"~0.6.2","lodash":"~1.3.1","cli-color":"~0.2.2","socket.io":"~0.9.16","connect":"~2.8.4","ua-parser-js":"~0.6.2","glob":"~3.2.6"},"devDependencies":{"grunt-contrib-jshint":"~0.6.0","grunt-contrib-clean":"~0.4.0","grunt-contrib-nodeunit":"~0.2.0","grunt-contrib-uglify":"~0.2.2","karma-script-launcher":"~0.1.0","karma-firefox-launcher":"~0.1.0","karma-chrome-launcher":"~0.1.0","karma-html2js-preprocessor":"~0.1.0","karma-jasmine":"~0.1.3","karma-requirejs":"~0.1.0","karma-coffee-preprocessor":"~0.1.0","karma-phantomjs-launcher":"~0.1.0","karma":"~0.10.2","grunt-karma":"~0.6.2","grunt-cli":"*","grunt":"~0.4.1","grunt-jasmine-node":"~0.1.0","socket.io-client":"~0.9.16","optimist":"~0.6.0","grunt-contrib-watch":"~0.5.3"},"keywords":[],"preferGlobal":"true","bin":{"browser-sync":"lib/index.js"},"_id":"browser-sync@0.1.0","dist":{"shasum":"8bf39ab9e200acc469a000bd9cf15a68be9f9a4a","tarball":"http://registry.npmjs.org/browser-sync/-/browser-sync-0.1.0.tgz"},"_from":".","_npmVersion":"1.3.11","_npmUser":{"name":"shakyshane","email":"shane.osbourne8@gmail.com"},"maintainers":[{"name":"shakyshane","email":"shane.osbourne8@gmail.com"}],"directories":{}},"0.1.1":{"name":"browser-sync","description":"Live CSS Reload & Browser Syncing","version":"0.1.1","homepage":"https://github.com/shakyshane/browser-sync","author":{"name":"Shane Osbourne"},"repository":{"type":"git","url":"git://github.com/shakyshane/browser-sync.git"},"bugs":{"url":"https://github.com/shakyshane/browser-sync/issues"},"licenses":[{"type":"MIT","url":"https://github.com/shakyshane/browser-sync/blob/master/LICENSE-MIT"}],"main":"lib/index.js","engines":{"node":">= 0.8.0"},"scripts":{"test":"grunt jasmine_node"},"dependencies":{"portscanner":"~0.1.3","path":"*","url":"*","open":"*","chokidar":"~0.6.2","lodash":"~1.3.1","cli-color":"~0.2.2","socket.io":"~0.9.16","connect":"~2.8.4","ua-parser-js":"~0.6.2","optimist":"0.6.0","glob":"~3.2.6"},"devDependencies":{"grunt-contrib-jshint":"~0.6.0","grunt-contrib-clean":"~0.4.0","grunt-contrib-nodeunit":"~0.2.0","grunt-contrib-uglify":"~0.2.2","karma-script-launcher":"~0.1.0","karma-firefox-launcher":"~0.1.0","karma-chrome-launcher":"~0.1.0","karma-html2js-preprocessor":"~0.1.0","karma-jasmine":"~0.1.3","karma-requirejs":"~0.1.0","karma-coffee-preprocessor":"~0.1.0","karma-phantomjs-launcher":"~0.1.0","karma":"~0.10.2","grunt-karma":"~0.6.2","grunt-cli":"*","grunt":"~0.4.1","grunt-jasmine-node":"~0.1.0","socket.io-client":"~0.9.16","optimist":"~0.6.0","grunt-contrib-watch":"~0.5.3"},"keywords":[],"preferGlobal":"true","bin":{"browser-sync":"lib/index.js"},"_id":"browser-sync@0.1.1","dist":{"shasum":"04c2c35b67b1ce06cb7f14502bbb42b18a06c0b2","tarball":"http://registry.npmjs.org/browser-sync/-/browser-sync-0.1.1.tgz"},"_from":".","_npmVersion":"1.3.11","_npmUser":{"name":"shakyshane","email":"shane.osbourne8@gmail.com"},"maintainers":[{"name":"shakyshane","email":"shane.osbourne8@gmail.com"}],"directories":{}},"0.1.3":{"name":"browser-sync","description":"Live CSS Reload & Browser Syncing","version":"0.1.3","homepage":"https://github.com/shakyshane/browser-sync","author":{"name":"Shane Osbourne"},"repository":{"type":"git","url":"git://github.com/shakyshane/browser-sync.git"},"bugs":{"url":"https://github.com/shakyshane/browser-sync/issues"},"licenses":[{"type":"MIT","url":"https://github.com/shakyshane/browser-sync/blob/master/LICENSE-MIT"}],"main":"lib/index.js","engines":{"node":">= 0.8.0"},"scripts":{"test":"grunt jasmine_node"},"dependencies":{"portscanner":"~0.1.3","path":"*","url":"*","open":"*","chokidar":"~0.6.2","lodash":"~1.3.1","cli-color":"~0.2.2","socket.io":"~0.9.16","connect":"~2.8.4","ua-parser-js":"~0.6.2","optimist":"0.6.0","glob":"~3.2.6"},"devDependencies":{"grunt-contrib-jshint":"~0.6.0","grunt-contrib-clean":"~0.4.0","grunt-contrib-nodeunit":"~0.2.0","grunt-contrib-uglify":"~0.2.2","karma-script-launcher":"~0.1.0","karma-firefox-launcher":"~0.1.0","karma-chrome-launcher":"~0.1.0","karma-html2js-preprocessor":"~0.1.0","karma-jasmine":"~0.1.3","karma-requirejs":"~0.1.0","karma-coffee-preprocessor":"~0.1.0","karma-phantomjs-launcher":"~0.1.0","karma":"~0.10.2","grunt-karma":"~0.6.2","grunt-cli":"*","grunt":"~0.4.1","grunt-jasmine-node":"~0.1.0","socket.io-client":"~0.9.16","optimist":"~0.6.0","grunt-contrib-watch":"~0.5.3"},"keywords":["browser sync","css","live reload","sync"],"preferGlobal":"true","bin":{"browser-sync":"lib/index.js"},"_id":"browser-sync@0.1.3","dist":{"shasum":"63b5574539dcccb0e2091cf8efc4a0a24ab4e069","tarball":"http://registry.npmjs.org/browser-sync/-/browser-sync-0.1.3.tgz"},"_from":".","_npmVersion":"1.3.11","_npmUser":{"name":"shakyshane","email":"shane.osbourne8@gmail.com"},"maintainers":[{"name":"shakyshane","email":"shane.osbourne8@gmail.com"}],"directories":{}},"0.1.5":{"name":"browser-sync","description":"Live CSS Reload & Browser Syncing","version":"0.1.5","homepage":"https://github.com/shakyshane/browser-sync","author":{"name":"Shane Osbourne"},"repository":{"type":"git","url":"git://github.com/shakyshane/browser-sync.git"},"bugs":{"url":"https://github.com/shakyshane/browser-sync/issues"},"licenses":[{"type":"MIT","url":"https://github.com/shakyshane/browser-sync/blob/master/LICENSE-MIT"}],"main":"lib/index.js","engines":{"node":">= 0.8.0"},"scripts":{"test":"grunt jasmine_node"},"dependencies":{"portscanner":"~0.1.3","path":"*","url":"*","open":"*","chokidar":"~0.6.2","lodash":"~1.3.1","cli-color":"~0.2.2","socket.io":"~0.9.16","connect":"~2.8.4","ua-parser-js":"~0.6.2","optimist":"0.6.0","glob":"~3.2.6"},"devDependencies":{"grunt-contrib-jshint":"~0.6.0","grunt-contrib-clean":"~0.4.0","grunt-contrib-nodeunit":"~0.2.0","grunt-contrib-uglify":"~0.2.2","karma-script-launcher":"~0.1.0","karma-firefox-launcher":"~0.1.0","karma-chrome-launcher":"~0.1.0","karma-html2js-preprocessor":"~0.1.0","karma-jasmine":"~0.1.3","karma-requirejs":"~0.1.0","karma-coffee-preprocessor":"~0.1.0","karma":"~0.10.2","grunt-karma":"~0.6.2","grunt-cli":"*","grunt":"~0.4.1","grunt-jasmine-node":"~0.1.0","socket.io-client":"~0.9.16","optimist":"~0.6.0","grunt-contrib-watch":"~0.5.3"},"keywords":["browser sync","css","live reload","sync"],"preferGlobal":"true","bin":{"browser-sync":"lib/index.js"},"_id":"browser-sync@0.1.5","dist":{"shasum":"9a4c9285a5d05c3130d4f4e285dde59d2c508860","tarball":"http://registry.npmjs.org/browser-sync/-/browser-sync-0.1.5.tgz"},"_from":".","_npmVersion":"1.2.32","_npmUser":{"name":"shakyshane","email":"shakyshane@gmail.com"},"maintainers":[{"name":"shakyshane","email":"shane.osbourne8@gmail.com"}],"directories":{}},"0.1.6":{"name":"browser-sync","description":"Live CSS Reload & Browser Syncing","version":"0.1.6","homepage":"https://github.com/shakyshane/browser-sync","author":{"name":"Shane Osbourne"},"repository":{"type":"git","url":"git://github.com/shakyshane/browser-sync.git"},"bugs":{"url":"https://github.com/shakyshane/browser-sync/issues"},"licenses":[{"type":"MIT","url":"https://github.com/shakyshane/browser-sync/blob/master/LICENSE-MIT"}],"main":"lib/index.js","engines":{"node":">= 0.8.0"},"scripts":{"test":"grunt jasmine_node"},"dependencies":{"portscanner":"~0.1.3","path":"*","url":"*","open":"*","chokidar":"~0.6.2","lodash":"~1.3.1","cli-color":"~0.2.2","socket.io":"~0.9.16","connect":"~2.8.4","ua-parser-js":"~0.6.2","optimist":"0.6.0","glob":"~3.2.6","dev-ip":"~0.1.5"},"devDependencies":{"grunt-contrib-jshint":"~0.6.0","grunt-contrib-clean":"~0.4.0","grunt-contrib-nodeunit":"~0.2.0","grunt-contrib-uglify":"~0.2.2","karma-script-launcher":"~0.1.0","karma-firefox-launcher":"~0.1.0","karma-chrome-launcher":"~0.1.0","karma-html2js-preprocessor":"~0.1.0","karma-jasmine":"~0.1.3","karma-requirejs":"~0.1.0","karma-coffee-preprocessor":"~0.1.0","karma":"~0.10.2","grunt-karma":"~0.6.2","grunt-cli":"*","grunt":"~0.4.1","grunt-jasmine-node":"~0.1.0","optimist":"~0.6.0","socket.io-client":"~0.9.16","grunt-contrib-watch":"~0.5.3"},"keywords":["browser sync","css","live reload","sync"],"bin":{"browser-sync":"lib/index.js"},"_id":"browser-sync@0.1.6","dist":{"shasum":"09f227406fbd38d3a9234c55868a2048754e404e","tarball":"http://registry.npmjs.org/browser-sync/-/browser-sync-0.1.6.tgz"},"_from":".","_npmVersion":"1.3.11","_npmUser":{"name":"shakyshane","email":"shane.osbourne8@gmail.com"},"maintainers":[{"name":"shakyshane","email":"shane.osbourne8@gmail.com"}],"directories":{}},"0.1.7":{"name":"browser-sync","description":"Live CSS Reload & Browser Syncing","version":"0.1.7","homepage":"https://github.com/shakyshane/browser-sync","author":{"name":"Shane Osbourne"},"repository":{"type":"git","url":"git://github.com/shakyshane/browser-sync.git"},"bugs":{"url":"https://github.com/shakyshane/browser-sync/issues"},"licenses":[{"type":"MIT","url":"https://github.com/shakyshane/browser-sync/blob/master/LICENSE-MIT"}],"main":"lib/index.js","engines":{"node":">= 0.8.0"},"scripts":{"test":"grunt jasmine_node"},"dependencies":{"portscanner":"~0.1.3","path":"*","url":"*","open":"*","chokidar":"~0.6.2","lodash":"~1.3.1","cli-color":"~0.2.2","socket.io":"~0.9.16","connect":"~2.8.4","ua-parser-js":"~0.6.2","optimist":"0.6.0","glob":"~3.2.6","dev-ip":"~0.1.5"},"devDependencies":{"grunt-contrib-jshint":"~0.6.0","grunt-contrib-clean":"~0.4.0","grunt-contrib-nodeunit":"~0.2.0","grunt-contrib-uglify":"~0.2.2","karma-script-launcher":"~0.1.0","karma-firefox-launcher":"~0.1.0","karma-chrome-launcher":"~0.1.0","karma-html2js-preprocessor":"~0.1.0","karma-jasmine":"~0.1.3","karma-requirejs":"~0.1.0","karma-coffee-preprocessor":"~0.1.0","karma":"~0.10.2","grunt-karma":"~0.6.2","grunt-cli":"*","grunt":"~0.4.1","grunt-jasmine-node":"~0.1.0","optimist":"~0.6.0","socket.io-client":"~0.9.16","grunt-contrib-watch":"~0.5.3"},"keywords":["browser sync","css","live reload","sync"],"bin":{"browser-sync":"lib/index.js"},"_id":"browser-sync@0.1.7","dist":{"shasum":"d8d2fe2670323bdc490cff3d74f512ddd5b38e10","tarball":"http://registry.npmjs.org/browser-sync/-/browser-sync-0.1.7.tgz"},"_from":".","_npmVersion":"1.3.11","_npmUser":{"name":"shakyshane","email":"shane.osbourne8@gmail.com"},"maintainers":[{"name":"shakyshane","email":"shane.osbourne8@gmail.com"}],"directories":{}},"0.1.8":{"name":"browser-sync","description":"Live CSS Reload & Browser Syncing","version":"0.1.8","homepage":"https://github.com/shakyshane/browser-sync","author":{"name":"Shane Osbourne"},"repository":{"type":"git","url":"git://github.com/shakyshane/browser-sync.git"},"bugs":{"url":"https://github.com/shakyshane/browser-sync/issues"},"licenses":[{"type":"MIT","url":"https://github.com/shakyshane/browser-sync/blob/master/LICENSE-MIT"}],"main":"lib/index.js","engines":{"node":">= 0.8.0"},"scripts":{"test":"grunt jasmine_node"},"dependencies":{"portscanner":"~0.1.3","path":"*","url":"*","open":"*","chokidar":"~0.6.2","lodash":"~1.3.1","cli-color":"~0.2.2","socket.io":"~0.9.16","connect":"~2.8.4","ua-parser-js":"~0.6.2","optimist":"0.6.0","glob":"~3.2.6","dev-ip":"~0.1.5"},"devDependencies":{"grunt-contrib-jshint":"~0.6.0","grunt-contrib-clean":"~0.4.0","grunt-contrib-nodeunit":"~0.2.0","grunt-contrib-uglify":"~0.2.2","karma-script-launcher":"~0.1.0","karma-firefox-launcher":"~0.1.0","karma-chrome-launcher":"~0.1.0","karma-html2js-preprocessor":"~0.1.0","karma-jasmine":"~0.1.3","karma-requirejs":"~0.1.0","karma-coffee-preprocessor":"~0.1.0","karma":"~0.10.2","grunt-karma":"~0.6.2","grunt-cli":"*","grunt":"~0.4.1","grunt-jasmine-node":"~0.1.0","optimist":"~0.6.0","socket.io-client":"~0.9.16","grunt-contrib-watch":"~0.5.3"},"keywords":["browser sync","css","live reload","sync"],"bin":{"browser-sync":"lib/index.js"},"_id":"browser-sync@0.1.8","dist":{"shasum":"05c622f1272e0979e52114c4adbdef0bbef3d435","tarball":"http://registry.npmjs.org/browser-sync/-/browser-sync-0.1.8.tgz"},"_from":".","_npmVersion":"1.3.11","_npmUser":{"name":"shakyshane","email":"shane.osbourne8@gmail.com"},"maintainers":[{"name":"shakyshane","email":"shane.osbourne8@gmail.com"}],"directories":{}},"0.1.9":{"name":"browser-sync","description":"Live CSS Reload & Browser Syncing","version":"0.1.9","homepage":"https://github.com/shakyshane/browser-sync","author":{"name":"Shane Osbourne"},"repository":{"type":"git","url":"git://github.com/shakyshane/browser-sync.git"},"bugs":{"url":"https://github.com/shakyshane/browser-sync/issues"},"licenses":[{"type":"MIT","url":"https://github.com/shakyshane/browser-sync/blob/master/LICENSE-MIT"}],"main":"lib/index.js","engines":{"node":">= 0.8.0"},"scripts":{"test":"grunt jasmine_node"},"dependencies":{"portscanner":"~0.1.3","path":"*","url":"*","open":"*","chokidar":"~0.6.2","lodash":"~1.3.1","cli-color":"~0.2.2","socket.io":"~0.9.16","connect":"~2.8.4","ua-parser-js":"~0.6.2","optimist":"0.6.0","glob":"~3.2.6","dev-ip":"~0.1.5"},"devDependencies":{"grunt-contrib-jshint":"~0.6.0","grunt-contrib-clean":"~0.4.0","grunt-contrib-nodeunit":"~0.2.0","grunt-contrib-uglify":"~0.2.2","karma-script-launcher":"~0.1.0","karma-firefox-launcher":"~0.1.0","karma-chrome-launcher":"~0.1.0","karma-html2js-preprocessor":"~0.1.0","karma-jasmine":"~0.1.3","karma-requirejs":"~0.1.0","karma-coffee-preprocessor":"~0.1.0","karma":"~0.10.2","grunt-karma":"~0.6.2","grunt-cli":"*","grunt":"~0.4.1","grunt-jasmine-node":"~0.1.0","optimist":"~0.6.0","socket.io-client":"~0.9.16","grunt-contrib-watch":"~0.5.3"},"keywords":["browser sync","css","live reload","sync"],"bin":{"browser-sync":"lib/index.js"},"_id":"browser-sync@0.1.9","dist":{"shasum":"d920b484f54e36f25afb20606de73584624f68ab","tarball":"http://registry.npmjs.org/browser-sync/-/browser-sync-0.1.9.tgz"},"_from":".","_npmVersion":"1.3.11","_npmUser":{"name":"shakyshane","email":"shane.osbourne8@gmail.com"},"maintainers":[{"name":"shakyshane","email":"shane.osbourne8@gmail.com"}],"directories":{}},"0.1.10":{"name":"browser-sync","description":"Live CSS Reload & Browser Syncing","version":"0.1.10","homepage":"https://github.com/shakyshane/browser-sync","author":{"name":"Shane Osbourne"},"repository":{"type":"git","url":"git://github.com/shakyshane/browser-sync.git"},"bugs":{"url":"https://github.com/shakyshane/browser-sync/issues"},"licenses":[{"type":"MIT","url":"https://github.com/shakyshane/browser-sync/blob/master/LICENSE-MIT"}],"main":"lib/index.js","engines":{"node":">= 0.8.0"},"scripts":{"test":"grunt jasmine_node"},"dependencies":{"portscanner":"~0.1.3","path":"*","url":"*","open":"*","chokidar":"~0.6.2","lodash":"~1.3.1","cli-color":"~0.2.2","socket.io":"~0.9.16","connect":"~2.8.4","ua-parser-js":"~0.6.2","optimist":"0.6.0","glob":"~3.2.6","dev-ip":"~0.1.5"},"devDependencies":{"grunt-contrib-jshint":"~0.6.0","grunt-contrib-clean":"~0.4.0","grunt-contrib-nodeunit":"~0.2.0","grunt-contrib-uglify":"~0.2.2","karma-script-launcher":"~0.1.0","karma-firefox-launcher":"~0.1.0","karma-chrome-launcher":"~0.1.0","karma-html2js-preprocessor":"~0.1.0","karma-jasmine":"~0.1.3","karma-requirejs":"~0.1.0","karma-coffee-preprocessor":"~0.1.0","karma":"~0.10.2","grunt-karma":"~0.6.2","grunt-cli":"*","grunt":"~0.4.1","grunt-jasmine-node":"~0.1.0","optimist":"~0.6.0","socket.io-client":"~0.9.16","grunt-contrib-watch":"~0.5.3"},"keywords":["browser sync","css","live reload","sync"],"bin":{"browser-sync":"lib/index.js"},"_id":"browser-sync@0.1.10","dist":{"shasum":"fcb5413433e9960e189f10155d96bd414ffd32e2","tarball":"http://registry.npmjs.org/browser-sync/-/browser-sync-0.1.10.tgz"},"_from":".","_npmVersion":"1.3.11","_npmUser":{"name":"shakyshane","email":"shane.osbourne8@gmail.com"},"maintainers":[{"name":"shakyshane","email":"shane.osbourne8@gmail.com"}],"directories":{}},"0.2.0":{"name":"browser-sync","description":"Live CSS Reload & Browser Syncing","version":"0.2.0","homepage":"https://github.com/shakyshane/browser-sync","author":{"name":"Shane Osbourne"},"repository":{"type":"git","url":"git://github.com/shakyshane/browser-sync.git"},"bugs":{"url":"https://github.com/shakyshane/browser-sync/issues"},"licenses":[{"type":"MIT","url":"https://github.com/shakyshane/browser-sync/blob/master/LICENSE-MIT"}],"main":"lib/index.js","engines":{"node":">= 0.8.0"},"scripts":{"test":"grunt jasmine_node"},"dependencies":{"portscanner":"~0.1.3","path":"~0.4.9","url":"~0.7.9","open":"~0.0.4","lodash":"~1.3.1","cli-color":"~0.2.2","socket.io":"~0.9.16","connect":"~2.11.0","ua-parser-js":"~0.6.2","optimist":"0.6.0","glob":"~3.2.7","dev-ip":"~0.1.5","gaze":"~0.4.3"},"devDependencies":{"grunt-contrib-jshint":"~0.6.0","grunt-contrib-clean":"~0.4.0","grunt-contrib-nodeunit":"~0.2.0","grunt-contrib-uglify":"~0.2.2","karma-script-launcher":"~0.1.0","karma-firefox-launcher":"~0.1.0","karma-chrome-launcher":"~0.1.0","karma-html2js-preprocessor":"~0.1.0","karma-jasmine":"~0.1.3","karma-requirejs":"~0.1.0","karma-coffee-preprocessor":"~0.1.0","karma":"~0.10.2","grunt-karma":"~0.6.2","grunt-cli":"*","grunt":"~0.4.1","grunt-jasmine-node":"~0.1.0","optimist":"~0.6.0","socket.io-client":"~0.9.16","grunt-contrib-watch":"~0.5.3"},"keywords":["browser sync","css","live reload","sync"],"bin":{"browser-sync":"lib/index.js"},"_id":"browser-sync@0.2.0","dist":{"shasum":"e13d80bdcffc746aae69742cf3a46863391bc843","tarball":"http://registry.npmjs.org/browser-sync/-/browser-sync-0.2.0.tgz"},"_from":".","_npmVersion":"1.3.11","_npmUser":{"name":"shakyshane","email":"shane.osbourne8@gmail.com"},"maintainers":[{"name":"shakyshane","email":"shane.osbourne8@gmail.com"}],"directories":{}},"0.2.1":{"name":"browser-sync","description":"Live CSS Reload & Browser Syncing","version":"0.2.1","homepage":"https://github.com/shakyshane/browser-sync","author":{"name":"Shane Osbourne"},"repository":{"type":"git","url":"git://github.com/shakyshane/browser-sync.git"},"bugs":{"url":"https://github.com/shakyshane/browser-sync/issues"},"licenses":[{"type":"MIT","url":"https://github.com/shakyshane/browser-sync/blob/master/LICENSE-MIT"}],"main":"lib/index.js","engines":{"node":">= 0.8.0"},"scripts":{"test":"grunt jasmine_node"},"dependencies":{"portscanner":"~0.1.3","path":"~0.4.9","url":"~0.7.9","open":"~0.0.4","lodash":"~1.3.1","cli-color":"~0.2.2","socket.io":"~0.9.16","connect":"~2.11.0","ua-parser-js":"~0.6.2","optimist":"0.6.0","glob":"~3.2.7","dev-ip":"~0.1.5","gaze":"~0.4.3"},"devDependencies":{"grunt-contrib-jshint":"~0.6.0","grunt-contrib-clean":"~0.4.0","grunt-contrib-nodeunit":"~0.2.0","grunt-contrib-uglify":"~0.2.2","karma-script-launcher":"~0.1.0","karma-firefox-launcher":"~0.1.0","karma-chrome-launcher":"~0.1.0","karma-html2js-preprocessor":"~0.1.0","karma-jasmine":"~0.1.3","karma-requirejs":"~0.1.0","karma-coffee-preprocessor":"~0.1.0","karma":"~0.10.2","grunt-karma":"~0.6.2","grunt-cli":"*","grunt":"~0.4.1","grunt-jasmine-node":"~0.1.0","optimist":"~0.6.0","socket.io-client":"~0.9.16","grunt-contrib-watch":"~0.5.3"},"keywords":["browser sync","css","live reload","sync"],"bin":{"browser-sync":"lib/index.js"},"_id":"browser-sync@0.2.1","dist":{"shasum":"5d121ff2c69a7503c321717903a852e9e1cc1c79","tarball":"http://registry.npmjs.org/browser-sync/-/browser-sync-0.2.1.tgz"},"_from":".","_npmVersion":"1.3.11","_npmUser":{"name":"shakyshane","email":"shane.osbourne8@gmail.com"},"maintainers":[{"name":"shakyshane","email":"shane.osbourne8@gmail.com"}],"directories":{}},"0.3.0":{"name":"browser-sync","description":"Live CSS Reload & Browser Syncing","version":"0.3.0","homepage":"https://github.com/shakyshane/browser-sync","author":{"name":"Shane Osbourne"},"repository":{"type":"git","url":"git://github.com/shakyshane/browser-sync.git"},"bugs":{"url":"https://github.com/shakyshane/browser-sync/issues"},"licenses":[{"type":"MIT","url":"https://github.com/shakyshane/browser-sync/blob/master/LICENSE-MIT"}],"main":"lib/index.js","engines":{"node":">= 0.8.0"},"scripts":{"test":"grunt jasmine_node"},"dependencies":{"portscanner":"~0.1.3","path":"~0.4.9","url":"~0.7.9","open":"~0.0.4","lodash":"~1.3.1","cli-color":"~0.2.2","socket.io":"~0.9.16","connect":"~2.11.0","ua-parser-js":"~0.6.2","optimist":"0.6.0","dev-ip":"~0.1.5","gaze":"~0.4.3","http-proxy":"~0.10.3"},"devDependencies":{"grunt-contrib-jshint":"~0.6.0","grunt-contrib-clean":"~0.4.0","grunt-contrib-nodeunit":"~0.2.0","grunt-contrib-uglify":"~0.2.2","karma-script-launcher":"~0.1.0","karma-firefox-launcher":"~0.1.0","karma-chrome-launcher":"~0.1.0","karma-html2js-preprocessor":"~0.1.0","karma-jasmine":"~0.1.3","karma-requirejs":"~0.1.0","karma-coffee-preprocessor":"~0.1.0","karma":"~0.10.2","grunt-karma":"~0.6.2","grunt-cli":"*","grunt":"~0.4.1","grunt-jasmine-node":"~0.1.0","optimist":"~0.6.0","socket.io-client":"~0.9.16","grunt-contrib-watch":"~0.5.3"},"keywords":["browser sync","css","live reload","sync"],"bin":{"browser-sync":"lib/index.js"},"_id":"browser-sync@0.3.0","dist":{"shasum":"c16a85e8d90bba38efeb0345d9597a04c1b385d5","tarball":"http://registry.npmjs.org/browser-sync/-/browser-sync-0.3.0.tgz"},"_from":".","_npmVersion":"1.3.11","_npmUser":{"name":"shakyshane","email":"shane.osbourne8@gmail.com"},"maintainers":[{"name":"shakyshane","email":"shane.osbourne8@gmail.com"}],"directories":{}},"0.3.1":{"name":"browser-sync","description":"Live CSS Reload & Browser Syncing","version":"0.3.1","homepage":"https://github.com/shakyshane/browser-sync","author":{"name":"Shane Osbourne"},"repository":{"type":"git","url":"git://github.com/shakyshane/browser-sync.git"},"bugs":{"url":"https://github.com/shakyshane/browser-sync/issues"},"licenses":[{"type":"MIT","url":"https://github.com/shakyshane/browser-sync/blob/master/LICENSE-MIT"}],"main":"lib/index.js","engines":{"node":">= 0.8.0"},"scripts":{"test":"grunt jasmine_node"},"dependencies":{"portscanner":"~0.1.3","path":"~0.4.9","url":"~0.7.9","open":"~0.0.4","lodash":"~1.3.1","cli-color":"~0.2.2","socket.io":"~0.9.16","connect":"~2.11.0","ua-parser-js":"~0.6.2","optimist":"0.6.0","dev-ip":"~0.1.5","gaze":"~0.4.3","http-proxy":"~0.10.3"},"devDependencies":{"grunt-contrib-jshint":"~0.6.0","grunt-contrib-clean":"~0.4.0","grunt-contrib-nodeunit":"~0.2.0","grunt-contrib-uglify":"~0.2.2","karma-script-launcher":"~0.1.0","karma-firefox-launcher":"~0.1.0","karma-chrome-launcher":"~0.1.0","karma-html2js-preprocessor":"~0.1.0","karma-jasmine":"~0.1.3","karma-requirejs":"~0.1.0","karma-coffee-preprocessor":"~0.1.0","karma":"~0.10.2","grunt-karma":"~0.6.2","grunt-cli":"*","grunt":"~0.4.1","grunt-jasmine-node":"~0.1.0","optimist":"~0.6.0","socket.io-client":"~0.9.16","grunt-contrib-watch":"~0.5.3"},"keywords":["browser sync","css","live reload","sync"],"bin":{"browser-sync":"lib/index.js"},"_id":"browser-sync@0.3.1","dist":{"shasum":"ba734d6fa15fa5790af0690df5398a855f50718a","tarball":"http://registry.npmjs.org/browser-sync/-/browser-sync-0.3.1.tgz"},"_from":".","_npmVersion":"1.3.11","_npmUser":{"name":"shakyshane","email":"shane.osbourne8@gmail.com"},"maintainers":[{"name":"shakyshane","email":"shane.osbourne8@gmail.com"}],"directories":{}},"0.3.2":{"name":"browser-sync","description":"Live CSS Reload & Browser Syncing","version":"0.3.2","homepage":"https://github.com/shakyshane/browser-sync","author":{"name":"Shane Osbourne"},"repository":{"type":"git","url":"git://github.com/shakyshane/browser-sync.git"},"bugs":{"url":"https://github.com/shakyshane/browser-sync/issues"},"licenses":[{"type":"MIT","url":"https://github.com/shakyshane/browser-sync/blob/master/LICENSE-MIT"}],"main":"lib/index.js","engines":{"node":">= 0.8.0"},"scripts":{"test":"grunt jasmine_node"},"dependencies":{"portscanner":"~0.1.3","path":"~0.4.9","url":"~0.7.9","open":"~0.0.4","lodash":"~1.3.1","cli-color":"~0.2.2","socket.io":"~0.9.16","connect":"~2.11.0","ua-parser-js":"~0.6.2","optimist":"0.6.0","dev-ip":"~0.1.5","gaze":"~0.4.3","http-proxy":"~0.10.3"},"devDependencies":{"grunt-contrib-jshint":"~0.6.0","grunt-contrib-clean":"~0.4.0","grunt-contrib-nodeunit":"~0.2.0","grunt-contrib-uglify":"~0.2.2","karma-script-launcher":"~0.1.0","karma-firefox-launcher":"~0.1.0","karma-chrome-launcher":"~0.1.0","karma-html2js-preprocessor":"~0.1.0","karma-jasmine":"~0.1.3","karma-requirejs":"~0.1.0","karma-coffee-preprocessor":"~0.1.0","karma":"~0.10.2","grunt-karma":"~0.6.2","grunt-cli":"*","grunt":"~0.4.1","grunt-jasmine-node":"~0.1.0","optimist":"~0.6.0","socket.io-client":"~0.9.16","grunt-contrib-watch":"~0.5.3"},"keywords":["browser sync","css","live reload","sync"],"bin":{"browser-sync":"lib/index.js"},"_id":"browser-sync@0.3.2","dist":{"shasum":"27b3ac9358d269f8d056a3fca99fcec163c34162","tarball":"http://registry.npmjs.org/browser-sync/-/browser-sync-0.3.2.tgz"},"_from":".","_npmVersion":"1.3.11","_npmUser":{"name":"shakyshane","email":"shane.osbourne8@gmail.com"},"maintainers":[{"name":"shakyshane","email":"shane.osbourne8@gmail.com"}],"directories":{}},"0.3.3":{"name":"browser-sync","description":"Live CSS Reload & Browser Syncing","version":"0.3.3","homepage":"https://github.com/shakyshane/browser-sync","author":{"name":"Shane Osbourne"},"repository":{"type":"git","url":"git://github.com/shakyshane/browser-sync.git"},"bugs":{"url":"https://github.com/shakyshane/browser-sync/issues"},"licenses":[{"type":"MIT","url":"https://github.com/shakyshane/browser-sync/blob/master/LICENSE-MIT"}],"main":"lib/index.js","engines":{"node":">= 0.8.0"},"scripts":{"test":"grunt jasmine_node"},"dependencies":{"portscanner":"~0.1.3","path":"~0.4.9","url":"~0.7.9","open":"~0.0.4","lodash":"~1.3.1","cli-color":"~0.2.2","socket.io":"~0.9.16","connect":"~2.11.0","ua-parser-js":"~0.6.2","optimist":"0.6.0","dev-ip":"~0.1.5","gaze":"~0.4.3","http-proxy":"~0.10.3"},"devDependencies":{"grunt-contrib-jshint":"~0.6.0","grunt-contrib-clean":"~0.4.0","grunt-contrib-nodeunit":"~0.2.0","grunt-contrib-uglify":"~0.2.2","karma-script-launcher":"~0.1.0","karma-firefox-launcher":"~0.1.0","karma-chrome-launcher":"~0.1.0","karma-html2js-preprocessor":"~0.1.0","karma-jasmine":"~0.1.3","karma-requirejs":"~0.1.0","karma-coffee-preprocessor":"~0.1.0","karma":"~0.10.2","grunt-karma":"~0.6.2","grunt-cli":"*","grunt":"~0.4.1","grunt-jasmine-node":"~0.1.0","optimist":"~0.6.0","socket.io-client":"~0.9.16","grunt-contrib-watch":"~0.5.3"},"keywords":["browser sync","css","live reload","sync"],"bin":{"browser-sync":"lib/index.js"},"_id":"browser-sync@0.3.3","dist":{"shasum":"c57e7d974c656e151500ac1959277e42807b1bbb","tarball":"http://registry.npmjs.org/browser-sync/-/browser-sync-0.3.3.tgz"},"_from":".","_npmVersion":"1.3.11","_npmUser":{"name":"shakyshane","email":"shane.osbourne8@gmail.com"},"maintainers":[{"name":"shakyshane","email":"shane.osbourne8@gmail.com"}],"directories":{}},"0.3.4":{"name":"browser-sync","description":"Live CSS Reload & Browser Syncing","version":"0.3.4","homepage":"https://github.com/shakyshane/browser-sync","author":{"name":"Shane Osbourne"},"repository":{"type":"git","url":"git://github.com/shakyshane/browser-sync.git"},"bugs":{"url":"https://github.com/shakyshane/browser-sync/issues"},"licenses":[{"type":"MIT","url":"https://github.com/shakyshane/browser-sync/blob/master/LICENSE-MIT"}],"main":"lib/index.js","engines":{"node":">= 0.8.0"},"scripts":{"test":"grunt jasmine_node"},"dependencies":{"portscanner":"~0.1.3","path":"~0.4.9","url":"~0.7.9","open":"~0.0.4","lodash":"~1.3.1","socket.io":"~0.9.16","connect":"~2.11.0","ua-parser-js":"~0.6.2","optimist":"0.6.0","dev-ip":"~0.1.5","gaze":"~0.4.3","http-proxy":"~0.10.3","cl-strings":"~0.0.2"},"devDependencies":{"grunt-contrib-jshint":"~0.6.0","grunt-contrib-clean":"~0.4.0","grunt-contrib-nodeunit":"~0.2.0","grunt-contrib-uglify":"~0.2.2","karma-script-launcher":"~0.1.0","karma-firefox-launcher":"~0.1.0","karma-chrome-launcher":"~0.1.0","karma-html2js-preprocessor":"~0.1.0","karma-jasmine":"~0.1.3","karma-requirejs":"~0.1.0","karma-coffee-preprocessor":"~0.1.0","karma":"~0.10.2","grunt-karma":"~0.6.2","grunt-cli":"*","grunt":"~0.4.1","grunt-jasmine-node":"~0.1.0","optimist":"~0.6.0","socket.io-client":"~0.9.16","grunt-contrib-watch":"~0.5.3","cli-color":"~0.2.3"},"keywords":["browser sync","css","live reload","sync"],"bin":{"browser-sync":"lib/index.js"},"_id":"browser-sync@0.3.4","dist":{"shasum":"6cb560e24292aa2f75baec6221879044d89e0f3c","tarball":"http://registry.npmjs.org/browser-sync/-/browser-sync-0.3.4.tgz"},"_from":".","_npmVersion":"1.3.11","_npmUser":{"name":"shakyshane","email":"shane.osbourne8@gmail.com"},"maintainers":[{"name":"shakyshane","email":"shane.osbourne8@gmail.com"}],"directories":{}},"0.3.5":{"name":"browser-sync","description":"Live CSS Reload & Browser Syncing","version":"0.3.5","homepage":"https://github.com/shakyshane/browser-sync","author":{"name":"Shane Osbourne"},"repository":{"type":"git","url":"git://github.com/shakyshane/browser-sync.git"},"bugs":{"url":"https://github.com/shakyshane/browser-sync/issues"},"licenses":[{"type":"MIT","url":"https://github.com/shakyshane/browser-sync/blob/master/LICENSE-MIT"}],"main":"lib/index.js","engines":{"node":">= 0.8.0"},"scripts":{"test":"grunt jasmine_node"},"dependencies":{"portscanner":"~0.1.3","path":"~0.4.9","url":"~0.7.9","open":"~0.0.4","lodash":"~1.3.1","socket.io":"~0.9.16","connect":"~2.11.0","ua-parser-js":"~0.6.2","optimist":"0.6.0","dev-ip":"~0.1.5","gaze":"~0.4.3","http-proxy":"~0.10.3","cl-strings":"~0.0.2"},"devDependencies":{"grunt-contrib-jshint":"~0.6.0","grunt-contrib-clean":"~0.4.0","grunt-contrib-nodeunit":"~0.2.0","grunt-contrib-uglify":"~0.2.2","karma-script-launcher":"~0.1.0","karma-firefox-launcher":"~0.1.0","karma-chrome-launcher":"~0.1.0","karma-html2js-preprocessor":"~0.1.0","karma-jasmine":"~0.1.3","karma-requirejs":"~0.1.0","karma-coffee-preprocessor":"~0.1.0","karma":"~0.10.2","grunt-karma":"~0.6.2","grunt-cli":"*","grunt":"~0.4.1","grunt-jasmine-node":"~0.1.0","optimist":"~0.6.0","socket.io-client":"~0.9.16","grunt-contrib-watch":"~0.5.3","cli-color":"~0.2.3"},"keywords":["browser sync","css","live reload","sync"],"bin":{"browser-sync":"lib/index.js"},"_id":"browser-sync@0.3.5","dist":{"shasum":"6970a0097c001c606b11dda1e7639d6af383006b","tarball":"http://registry.npmjs.org/browser-sync/-/browser-sync-0.3.5.tgz"},"_from":".","_npmVersion":"1.2.32","_npmUser":{"name":"shakyshane","email":"shakyshane@gmail.com"},"maintainers":[{"name":"shakyshane","email":"shane.osbourne8@gmail.com"}],"directories":{}},"0.3.6":{"name":"browser-sync","description":"Live CSS Reload & Browser Syncing","version":"0.3.6","homepage":"https://github.com/shakyshane/browser-sync","author":{"name":"Shane Osbourne"},"repository":{"type":"git","url":"git://github.com/shakyshane/browser-sync.git"},"bugs":{"url":"https://github.com/shakyshane/browser-sync/issues"},"licenses":[{"type":"MIT","url":"https://github.com/shakyshane/browser-sync/blob/master/LICENSE-MIT"}],"main":"lib/index.js","engines":{"node":">= 0.8.0"},"scripts":{"test":"grunt jasmine_node"},"dependencies":{"portscanner":"~0.1.3","path":"~0.4.9","url":"~0.7.9","open":"~0.0.4","lodash":"~1.3.1","socket.io":"~0.9.16","connect":"~2.11.0","ua-parser-js":"~0.6.2","optimist":"0.6.0","dev-ip":"~0.1.5","gaze":"~0.4.3","http-proxy":"~0.10.3","cl-strings":"~0.0.2"},"devDependencies":{"grunt-contrib-jshint":"~0.6.0","grunt-contrib-clean":"~0.4.0","grunt-contrib-nodeunit":"~0.2.0","grunt-contrib-uglify":"~0.2.2","karma-script-launcher":"~0.1.0","karma-firefox-launcher":"~0.1.0","karma-chrome-launcher":"~0.1.0","karma-html2js-preprocessor":"~0.1.0","karma-jasmine":"~0.1.3","karma-requirejs":"~0.1.0","karma-coffee-preprocessor":"~0.1.0","karma":"~0.10.2","grunt-karma":"~0.6.2","grunt-cli":"*","grunt":"~0.4.1","grunt-jasmine-node":"~0.1.0","optimist":"~0.6.0","socket.io-client":"~0.9.16","grunt-contrib-watch":"~0.5.3","cli-color":"~0.2.3"},"keywords":["browser sync","css","live reload","sync"],"bin":{"browser-sync":"lib/i
26 error registry error parsing json
27 verbose headers { server: 'CouchDB/1.5.0 (Erlang OTP/R16B03)',
27 verbose headers   etag: '"E4N4V5CFF9QXMGKFFNIS0LOIS"',
27 verbose headers   'content-type': 'application/json',
27 verbose headers   'cache-control': 'max-age=300',
27 verbose headers   'content-length': '416735',
27 verbose headers   'accept-ranges': 'bytes',
27 verbose headers   date: 'Fri, 18 Dec 2015 01:57:19 GMT',
27 verbose headers   via: '1.1 varnish',
27 verbose headers   age: '3',
27 verbose headers   connection: 'keep-alive',
27 verbose headers   'x-served-by': 'cache-hkg6823-HKG',
27 verbose headers   'x-cache': 'HIT',
27 verbose headers   'x-cache-hits': '1',
27 verbose headers   'x-timer': 'S1450403839.279748,VS0,VE1',
27 verbose headers   vary: 'Accept' }
28 silly get cb [ 304, undefined ]
29 verbose etag https://registry.npmjs.org/browser-sync from cache
30 verbose get saving browser-sync to /Users/xiongzhihui/.npm/registry.npmjs.org/browser-sync/.cache.json
31 silly addNameRange number 2 { name: 'browser-sync', range: '*', hasData: true }
32 silly addNameRange versions [ 'browser-sync',
32 silly addNameRange   [ '0.1.0',
32 silly addNameRange     '0.1.1',
32 silly addNameRange     '0.1.3',
32 silly addNameRange     '0.1.5',
32 silly addNameRange     '0.1.6',
32 silly addNameRange     '0.1.7',
32 silly addNameRange     '0.1.8',
32 silly addNameRange     '0.1.9',
32 silly addNameRange     '0.1.10',
32 silly addNameRange     '0.2.0',
32 silly addNameRange     '0.2.1',
32 silly addNameRange     '0.3.0',
32 silly addNameRange     '0.3.1',
32 silly addNameRange     '0.3.2',
32 silly addNameRange     '0.3.3',
32 silly addNameRange     '0.3.4',
32 silly addNameRange     '0.3.5',
32 silly addNameRange     '0.3.6',
32 silly addNameRange     '0.3.7',
32 silly addNameRange     '0.3.8',
32 silly addNameRange     '0.3.10',
32 silly addNameRange     '0.4.0',
32 silly addNameRange     '0.4.1',
32 silly addNameRange     '0.4.2',
32 silly addNameRange     '0.4.21',
32 silly addNameRange     '0.4.3',
32 silly addNameRange     '0.4.4',
32 silly addNameRange     '0.4.5',
32 silly addNameRange     '0.4.6',
32 silly addNameRange     '0.4.7',
32 silly addNameRange     '0.4.8',
32 silly addNameRange     '0.4.9',
32 silly addNameRange     '0.4.10',
32 silly addNameRange     '0.4.11',
32 silly addNameRange     '0.4.12',
32 silly addNameRange     '0.5.0',
32 silly addNameRange     '0.5.1',
32 silly addNameRange     '0.5.2',
32 silly addNameRange     '0.5.3',
32 silly addNameRange     '0.5.4',
32 silly addNameRange     '0.5.5',
32 silly addNameRange     '0.5.6',
32 silly addNameRange     '0.5.7',
32 silly addNameRange     '0.5.8',
32 silly addNameRange     '0.5.9',
32 silly addNameRange     '0.6.0',
32 silly addNameRange     '0.6.1',
32 silly addNameRange     '0.6.2',
32 silly addNameRange     '0.7.0',
32 silly addNameRange     '0.7.1',
32 silly addNameRange     '0.7.2',
32 silly addNameRange     '0.7.3',
32 silly addNameRange     '0.7.4',
32 silly addNameRange     '0.7.5',
32 silly addNameRange     '0.7.7',
32 silly addNameRange     '0.8.0',
32 silly addNameRange     '0.8.1',
32 silly addNameRange     '0.8.2',
32 silly addNameRange     '0.9.0',
32 silly addNameRange     '0.9.1',
32 silly addNameRange     '1.0.0',
32 silly addNameRange     '1.1.0',
32 silly addNameRange     '1.1.1',
32 silly addNameRange     '1.1.2',
32 silly addNameRange     '1.2.0',
32 silly addNameRange     '1.2.1',
32 silly addNameRange     '1.3.0',
32 silly addNameRange     '1.3.2',
32 silly addNameRange     '1.3.3',
32 silly addNameRange     '1.3.4',
32 silly addNameRange     '1.3.5',
32 silly addNameRange     '1.3.6',
32 silly addNameRange     '1.3.7',
32 silly addNameRange     '1.5.0',
32 silly addNameRange     '1.5.1',
32 silly addNameRange     '1.5.2',
32 silly addNameRange     '1.5.3',
32 silly addNameRange     '1.5.4',
32 silly addNameRange     '1.5.5',
32 silly addNameRange     '1.5.6',
32 silly addNameRange     '1.5.7',
32 silly addNameRange     '1.5.8',
32 silly addNameRange     '1.5.9',
32 silly addNameRange     '1.6.0',
32 silly addNameRange     '1.6.1',
32 silly addNameRange     '1.6.2',
32 silly addNameRange     '1.6.3',
32 silly addNameRange     '1.6.4',
32 silly addNameRange     '1.6.5',
32 silly addNameRange     '1.7.0',
32 silly addNameRange     '1.7.1',
32 silly addNameRange     '1.7.2',
32 silly addNameRange     '1.7.3',
32 silly addNameRange     '1.8.0',
32 silly addNameRange     '1.8.1',
32 silly addNameRange     '1.8.2',
32 silly addNameRange     '1.8.3',
32 silly addNameRange     '1.9.0',
32 silly addNameRange     '1.9.1',
32 silly addNameRange     '2.0.0-rc1',
32 silly addNameRange     '2.0.0-rc2',
32 silly addNameRange     '2.0.0-rc3',
32 silly addNameRange     '2.0.0-rc4',
32 silly addNameRange     '2.0.0-rc5',
32 silly addNameRange     '2.0.0-rc6',
32 silly addNameRange     '2.0.0-rc7',
32 silly addNameRange     '2.0.0-rc8',
32 silly addNameRange     '2.0.0-rc9',
32 silly addNameRange     '2.0.0-rc10',
32 silly addNameRange     '2.0.0',
32 silly addNameRange     '2.0.1',
32 silly addNameRange     '2.1.0',
32 silly addNameRange     '2.1.1',
32 silly addNameRange     '2.1.2',
32 silly addNameRange     '2.1.3',
32 silly addNameRange     '2.1.4',
32 silly addNameRange     '2.1.6',
32 silly addNameRange     '2.2.0',
32 silly addNameRange     '2.2.1',
32 silly addNameRange     '2.2.2',
32 silly addNameRange     '2.2.3',
32 silly addNameRange     '2.2.4',
32 silly addNameRange     '2.2.5',
32 silly addNameRange     '2.3.0',
32 silly addNameRange     '2.3.1',
32 silly addNameRange     '2.3.2',
32 silly addNameRange     '2.4.0',
32 silly addNameRange     '2.4.1',
32 silly addNameRange     '2.5.0',
32 silly addNameRange     '2.5.1',
32 silly addNameRange     '2.5.2',
32 silly addNameRange     '2.5.3',
32 silly addNameRange     '2.6.0',
32 silly addNameRange     '2.6.1',
32 silly addNameRange     '2.6.2',
32 silly addNameRange     '2.6.3',
32 silly addNameRange     '2.6.4',
32 silly addNameRange     '2.6.5',
32 silly addNameRange     '2.6.6',
32 silly addNameRange     '1.9.2',
32 silly addNameRange     '2.6.7',
32 silly addNameRange     '2.6.8',
32 silly addNameRange     '2.6.9',
32 silly addNameRange     '2.6.10',
32 silly addNameRange     '2.6.11',
32 silly addNameRange     '2.7.0',
32 silly addNameRange     '2.7.1',
32 silly addNameRange     '2.7.2',
32 silly addNameRange     '2.7.3',
32 silly addNameRange     '2.7.4',
32 silly addNameRange     '2.7.5',
32 silly addNameRange     '2.7.6',
32 silly addNameRange     '2.7.7',
32 silly addNameRange     '2.7.8',
32 silly addNameRange     '2.7.9',
32 silly addNameRange     '2.7.10',
32 silly addNameRange     '2.7.11',
32 silly addNameRange     '2.7.12',
32 silly addNameRange     '2.7.13',
32 silly addNameRange     '2.8.0',
32 silly addNameRange     '2.8.1',
32 silly addNameRange     '2.8.2' ] ]
33 silly addNamed browser-sync@2.8.2
34 verbose addNamed "2.8.2" is a plain semver version for browser-sync
35 silly cache afterAdd browser-sync@2.8.2
36 verbose afterAdd /Users/xiongzhihui/.npm/browser-sync/2.8.2/package/package.json not in flight; writing
37 verbose afterAdd /Users/xiongzhihui/.npm/browser-sync/2.8.2/package/package.json written
38 silly install resolved [ { name: 'browser-sync',
38 silly install resolved     description: 'Live CSS Reload & Browser Syncing',
38 silly install resolved     version: '2.8.2',
38 silly install resolved     homepage: 'http://www.browsersync.io/',
38 silly install resolved     author: { name: 'Shane Osbourne' },
38 silly install resolved     repository:
38 silly install resolved      { type: 'git',
38 silly install resolved        url: 'git+https://github.com/browsersync/browser-sync.git' },
38 silly install resolved     license: 'Apache-2.0',
38 silly install resolved     bin: { 'browser-sync': 'bin/browser-sync.js' },
38 silly install resolved     files: [ 'bin', 'index.js', 'lib' ],
38 silly install resolved     engines: { node: '>= 0.8.0' },
38 silly install resolved     scripts:
38 silly install resolved      { env: 'node ./test/env.js',
38 silly install resolved        test: 'npm run lint && npm run env && npm run unit',
38 silly install resolved        lint: 'gulp lint',
38 silly install resolved        pro: 'protractor test/protractor/config.single.js',
38 silly install resolved        'pro-local': 'node test/protractor/setup.js',
38 silly install resolved        unit: 'mocha --recursive test/specs --timeout 10000',
38 silly install resolved        cover: 'npm run env && npm run cover-local && npm run coveralls',
38 silly install resolved        'cover-local': 'istanbul cover _mocha -- --timeout 10000 --recursive ./test/specs',
38 silly install resolved        coveralls: 'istanbul-coveralls',
38 silly install resolved        'pre-release': 'npm test && npm run pro-local && npm run pro' },
38 silly install resolved     dependencies:
38 silly install resolved      { anymatch: '^1.3.0',
38 silly install resolved        'async-each-series': '^0.1.1',
38 silly install resolved        'browser-sync-client': '^2.2.1',
38 silly install resolved        'browser-sync-ui': '^0.5.13',
38 silly install resolved        chokidar: '^1.0.5',
38 silly install resolved        connect: '^3.4.0',
38 silly install resolved        'dev-ip': '^1.0.1',
38 silly install resolved        'easy-extender': '^2.3.1',
38 silly install resolved        'eazy-logger': '^2.1.2',
38 silly install resolved        'emitter-steward': '^0.0.1',
38 silly install resolved        foxy: '^11.1.1',
38 silly install resolved        immutable: '^3.7.4',
38 silly install resolved        localtunnel: '^1.7.0',
38 silly install resolved        lodash: '^3.9.3',
38 silly install resolved        longest: '^1.0.1',
38 silly install resolved        meow: '^3.3.0',
38 silly install resolved        opn: '^2.0.1',
38 silly install resolved        'pad-left': '^1.0.2',
38 silly install resolved        portscanner: '^1.0.0',
38 silly install resolved        'query-string': '^2.4.0',
38 silly install resolved        'resp-modifier': '^4.0.4',
38 silly install resolved        'serve-index': '^1.7.0',
38 silly install resolved        'serve-static': '^1.10.0',
38 silly install resolved        'socket.io': '^1.3.6',
38 silly install resolved        'ua-parser-js': '^0.7.9',
38 silly install resolved        ucfirst: '0.0.1' },
38 silly install resolved     devDependencies:
38 silly install resolved      { 'browser-sync-spa': '^1.0.2',
38 silly install resolved        'bs-snippet-injector': '^2.0.1',
38 silly install resolved        chai: '^3.2.0',
38 silly install resolved        chalk: '^1.1.0',
38 silly install resolved        'graceful-fs': '^3.0.8',
38 silly install resolved        gulp: '^3.9.0',
38 silly install resolved        'gulp-contribs': '0.0.3',
38 silly install resolved        'gulp-conventional-changelog': '^0.4.0',
38 silly install resolved        'gulp-filter': '^2.0.2',
38 silly install resolved        'gulp-jscs': '^1.6.0',
38 silly install resolved        'gulp-jshint': '^1.11.2',
38 silly install resolved        'gulp-ruby-sass': '^1.0.5',
38 silly install resolved        'gulp-yuidoc': '^0.1.2',
38 silly install resolved        istanbul: '^0.3.17',
38 silly install resolved        'istanbul-coveralls': '^1.0.3',
38 silly install resolved        mocha: '^2.2.5',
38 silly install resolved        q: '^1.4.1',
38 silly install resolved        request: '^2.60.0',
38 silly install resolved        sinon: '^1.15.4',
38 silly install resolved        slugify: '^0.1.1',
38 silly install resolved        'socket.io-client': '^1.3.6',
38 silly install resolved        supertest: '^1.0.1',
38 silly install resolved        vinyl: '^0.5.0' },
38 silly install resolved     keywords: [ 'browser sync', 'css', 'live reload', 'sync' ],
38 silly install resolved     gitHead: 'd3b4601ff2b02fcff42396deceada43351d713d9',
38 silly install resolved     bugs: { url: 'https://github.com/browsersync/browser-sync/issues' },
38 silly install resolved     _id: 'browser-sync@2.8.2',
38 silly install resolved     _shasum: 'd062ca0c88126337302a192236ee2c93d258f075',
38 silly install resolved     _from: 'browser-sync@*',
38 silly install resolved     _npmVersion: '2.11.3',
38 silly install resolved     _nodeVersion: '0.12.2',
38 silly install resolved     _npmUser: { name: 'shakyshane', email: 'shakyshane@gmail.com' },
38 silly install resolved     dist:
38 silly install resolved      { shasum: 'd062ca0c88126337302a192236ee2c93d258f075',
38 silly install resolved        tarball: 'http://registry.npmjs.org/browser-sync/-/browser-sync-2.8.2.tgz' },
38 silly install resolved     maintainers: [ [Object] ],
38 silly install resolved     directories: {},
38 silly install resolved     _resolved: 'https://registry.npmjs.org/browser-sync/-/browser-sync-2.8.2.tgz',
38 silly install resolved     readme: 'ERROR: No README data found!' } ]
39 info install browser-sync@2.8.2 into /Users/xiongzhihui/Documents/github/TangoDjangoProject
40 info installOne browser-sync@2.8.2
41 verbose installOne of browser-sync to /Users/xiongzhihui/Documents/github/TangoDjangoProject not in flight; installing
42 warn locking Error: EACCES, open '/Users/xiongzhihui/.npm/_locks/browser-sync-9f50fb9f114e2b12.lock'
42 warn locking     at Error (native)
42 warn locking  /Users/xiongzhihui/.npm/_locks/browser-sync-9f50fb9f114e2b12.lock failed { [Error: EACCES, open '/Users/xiongzhihui/.npm/_locks/browser-sync-9f50fb9f114e2b12.lock']
42 warn locking   errno: -13,
42 warn locking   code: 'EACCES',
42 warn locking   path: '/Users/xiongzhihui/.npm/_locks/browser-sync-9f50fb9f114e2b12.lock' }
43 verbose stack Error: Attempt to unlock /Users/xiongzhihui/Documents/github/TangoDjangoProject/node_modules/browser-sync, which hasn't been locked
43 verbose stack     at unlock (/usr/local/lib/node_modules/npm/lib/utils/locker.js:66:11)
43 verbose stack     at cb (/usr/local/lib/node_modules/npm/lib/install.js:1017:5)
43 verbose stack     at /usr/local/lib/node_modules/npm/lib/install.js:1021:20
43 verbose stack     at /usr/local/lib/node_modules/npm/lib/utils/locker.js:40:9
43 verbose stack     at cb (/usr/local/lib/node_modules/npm/node_modules/lockfile/lockfile.js:149:38)
43 verbose stack     at /usr/local/lib/node_modules/npm/node_modules/lockfile/lockfile.js:177:38
43 verbose stack     at FSReqWrap.oncomplete (fs.js:95:15)
44 verbose cwd /Users/xiongzhihui/Documents/github/TangoDjangoProject
45 error Darwin 14.5.0
46 error argv "node" "/usr/local/bin/npm" "install" "--save-dev" "browser-sync"
47 error node v0.12.5
48 error npm  v2.11.2
49 error Attempt to unlock /Users/xiongzhihui/Documents/github/TangoDjangoProject/node_modules/browser-sync, which hasn't been locked
50 error If you need help, you may report this error at:
50 error     <https://github.com/npm/npm/issues>
51 verbose exit [ 1, true ]
